2026-04-07 20:38:00,023 - INFO - Attempting to connect to vehicle...
2026-04-07 20:38:00,023 - INFO - DoIP client started
2026-04-07 20:38:00,032 - INFO - SVI Tool started successfully
2026-04-07 20:38:05,037 - INFO - Attempting to connect to vehicle...
2026-04-07 20:38:10,086 - INFO - Attempting to connect to vehicle...
2026-04-07 20:38:15,103 - INFO - Attempting to connect to vehicle...
2026-04-07 20:38:20,141 - INFO - Attempting to connect to vehicle...
2026-04-07 20:38:25,150 - INFO - Attempting to connect to vehicle...
2026-04-07 20:38:30,172 - ERROR - Load log error: invalid command name ".!frame.!frame10.!frame.!scrolledtext"
2026-04-07 20:38:30,210 - INFO - Attempting to connect to vehicle...
2026-04-07 20:38:35,228 - INFO - Attempting to connect to vehicle...
2026-04-07 20:38:40,260 - INFO - Attempting to connect to vehicle...
2026-04-07 20:38:45,320 - INFO - Attempting to connect to vehicle...
2026-04-07 20:38:50,339 - INFO - Attempting to connect to vehicle...
2026-04-07 20:38:55,365 - INFO - Attempting to connect to vehicle...
2026-04-07 20:39:00,379 - INFO - Attempting to connect to vehicle...
2026-04-07 20:39:05,420 - INFO - Attempting to connect to vehicle...
2026-04-07 20:39:10,438 - INFO - Attempting to connect to vehicle...
2026-04-07 20:39:15,485 - INFO - Attempting to connect to vehicle...
2026-04-07 20:39:20,544 - INFO - Attempting to connect to vehicle...
2026-04-07 20:39:25,609 - INFO - Attempting to connect to vehicle...
2026-04-07 20:39:30,678 - INFO - Attempting to connect to vehicle...
2026-04-07 20:39:35,726 - INFO - Attempting to connect to vehicle...
2026-04-07 20:39:40,786 - INFO - Attempting to connect to vehicle...
2026-04-07 20:39:45,892 - INFO - Attempting to connect to vehicle...
2026-04-07 20:39:50,903 - INFO - Attempting to connect to vehicle...
2026-04-07 20:39:55,908 - INFO - Attempting to connect to vehicle...
2026-04-07 20:40:00,923 - INFO - Attempting to connect to vehicle...
2026-04-07 20:40:05,930 - INFO - Attempting to connect to vehicle...
2026-04-07 20:40:10,947 - INFO - Attempting to connect to vehicle...
2026-04-07 20:40:15,967 - INFO - Attempting to connect to vehicle...
2026-04-07 20:40:16,727 - ERROR - Connection error: [WinError 10038] Сделана попытка выполнить операцию на объекте, не являющемся сокетом
2026-04-07 20:40:16,727 - INFO - DoIP client stopped
2026-04-07 20:40:16,746 - INFO - SVI Tool stopped
2026-04-07 20:40:16,817 - ERROR - Failed to update status: invalid command name ".!label2"
